[INFO]: 2025-05-09 10:32:51 - Fetch Candidate Departure success
[INFO]: 2025-05-09 10:33:08 - Fetch Candidate Passes List success
[ERROR]: 2025-05-09 10:39:09 - In Server: apply_job_id query is required
[ERROR]: 2025-05-09 10:39:18 - In Server: apply_job_id query is required
[INFO]: 2025-05-09 10:39:23 - Fetch Candidate Departure success
[INFO]: 2025-05-09 10:39:47 - View PDF Departure success
[INFO]: 2025-05-09 13:30:15 - View PDF Departure success
[ERROR]: 2025-05-09 13:53:26 - In Server: Error 1054: Unknown column 'd.field2' in 'field list'
[INFO]: 2025-05-09 13:53:35 - View PDF Departure success
[INFO]: 2025-05-09 13:53:36 - View PDF Departure success
[INFO]: 2025-05-09 13:53:44 - View PDF Departure success
[INFO]: 2025-05-09 13:53:45 - View PDF Departure success
[INFO]: 2025-05-09 13:54:33 - View PDF Departure success
[INFO]: 2025-05-09 13:54:44 - View PDF Departure success
[ERROR]: 2025-05-09 14:04:15 - In Server: Missing auth token
[INFO]: 2025-05-09 14:04:19 - View PDF Departure success
[INFO]: 2025-05-09 16:24:44 - Job List success
[INFO]: 2025-05-09 16:25:38 - Job Detail success
[ERROR]: 2025-05-09 19:18:22 - In Server: Missing auth token
[INFO]: 2025-05-09 19:18:28 - Admin Apply Job Badges success
[ERROR]: 2025-05-09 19:31:18 - In Server: Missing auth token
[INFO]: 2025-05-09 19:31:23 - Get List Info Apply Job success
[INFO]: 2025-05-09 19:32:27 - Get List Info Apply Job success
[INFO]: 2025-05-09 19:32:28 - Get List Info Apply Job success
[INFO]: 2025-05-09 19:33:06 - Get List Info Apply Job success
[INFO]: 2025-05-09 19:33:41 - Get List Info Apply Job success
[INFO]: 2025-05-09 19:33:55 - Get List Info Apply Job success
[INFO]: 2025-05-09 19:33:56 - Get List Info Apply Job success
[INFO]: 2025-05-09 19:34:37 - Get List Info Apply Job History success
[INFO]: 2025-05-09 19:34:46 - Get List Info Apply Job History success
[INFO]: 2025-05-09 19:35:09 - Get List Info Apply Job History success
[INFO]: 2025-05-09 19:36:30 - Get List Info Apply Job History success
[INFO]: 2025-05-09 19:36:31 - Get List Info Apply Job History success
[INFO]: 2025-05-09 19:37:03 - Get List Info Apply Job History success
[INFO]: 2025-05-09 19:37:04 - Get List Info Apply Job History success
[INFO]: 2025-05-09 19:38:49 - Get List Info Apply Job History success
[INFO]: 2025-05-09 19:40:02 - Get List Info Apply Job History success
[INFO]: 2025-05-09 19:40:03 - Get List Info Apply Job History success
[INFO]: 2025-05-09 19:40:11 - Get List Info Apply Job History success
[INFO]: 2025-05-09 19:40:12 - Get List Info Apply Job History success
[INFO]: 2025-05-09 19:40:48 - Get List Info Apply Job History success
[INFO]: 2025-05-09 19:41:42 - Get List Info Apply Job History success
[INFO]: 2025-05-09 19:41:43 - Get List Info Apply Job History success
[INFO]: 2025-05-09 19:41:44 - Get List Info Apply Job History success
[INFO]: 2025-05-09 19:41:52 - Get List Info Apply Job History success
[INFO]: 2025-05-09 19:42:11 - Get List Info Apply Job History success
[INFO]: 2025-05-09 19:43:42 - Get List Info Apply Job History success
[INFO]: 2025-05-09 19:44:01 - Get List Info Apply Job History success
[INFO]: 2025-05-09 19:46:24 - Get List Info Apply Job History success
