[INFO]: 2025-04-14 09:53:19 - Init Fcm
[INFO]: 2025-04-14 09:54:54 - Init Fcm
[INFO]: 2025-04-14 09:56:06 - Init Fcm
[ERROR]: 2025-04-14 13:53:32 - status [ACCEPTED] already passed
[ERROR]: 2025-04-14 13:54:32 - In Server: sql: no rows in result set
[ERROR]: 2025-04-14 13:56:31 - In Server: sql: no rows in result set
[ERROR]: 2025-04-14 13:56:32 - In Server: sql: no rows in result set
[ERROR]: 2025-04-14 13:58:18 - In Server: sql: no rows in result set
[ERROR]: 2025-04-14 13:58:19 - In Server: sql: no rows in result set
[ERROR]: 2025-04-14 13:58:23 - In Server: sql: no rows in result set
[ERROR]: 2025-04-14 13:58:34 - In Server: sql: no rows in result set
[ERROR]: 2025-04-14 13:58:35 - In Server: sql: no rows in result set
[INFO]: 2025-04-14 14:08:23 - Fetch Admin Job List success
[INFO]: 2025-04-14 14:08:48 - Fetch Admin Job List success
[INFO]: 2025-04-14 14:12:22 - Fetch Admin Job List success
[INFO]: 2025-04-14 14:13:34 - Fetch Admin Job List success
[INFO]: 2025-04-14 14:13:51 - Fetch Admin Job List success
[INFO]: 2025-04-14 14:14:51 - Fetch Admin Job List success
[INFO]: 2025-04-14 14:45:25 - No FCM data found for user
[INFO]: 2025-04-14 14:45:25 - Update Apply Job success
[INFO]: 2025-04-14 14:47:09 - No FCM data found for user
[INFO]: 2025-04-14 14:47:09 - Update Apply Job success
[INFO]: 2025-04-14 14:48:00 - No FCM data found for user
[INFO]: 2025-04-14 14:48:00 - Update Apply Job success
[INFO]: 2025-04-14 14:48:08 - No FCM data found for user
[INFO]: 2025-04-14 14:48:08 - Update Apply Job success
[INFO]: 2025-04-14 14:48:20 - No FCM data found for user
[INFO]: 2025-04-14 14:48:20 - Update Apply Job success
[INFO]: 2025-04-14 14:48:49 - No FCM data found for user
[INFO]: 2025-04-14 14:48:49 - Update Apply Job success
[INFO]: 2025-04-14 14:49:34 - No FCM data found for user
[ERROR]: 2025-04-14 14:49:34 - In Server: sql: no rows in result set
[INFO]: 2025-04-14 14:49:35 - Update Apply Job success
