[INFO]: 2025-05-23 13:35:16 - Job List success
[INFO]: 2025-05-23 13:36:34 - Job List success
[INFO]: 2025-05-23 13:37:31 - Job Detail success
[ERROR]: 2025-05-23 14:32:24 - In Server: Missing auth token
[INFO]: 2025-05-23 14:32:28 - Fetch Type Job List success
[ERROR]: 2025-05-23 14:32:56 - In Server: Missing auth token
[ERROR]: 2025-05-23 14:33:04 - In Server: EOF
[INFO]: 2025-05-23 14:33:40 - Type Job Store success
[INFO]: 2025-05-23 14:33:44 - Fetch Type Job List success
[INFO]: 2025-05-23 14:34:11 - Fetch Type Job List success
[ERROR]: 2025-05-23 14:34:15 - In Server: Missing auth token
[INFO]: 2025-05-23 14:34:20 - Type Job Delete success
[INFO]: 2025-05-23 14:34:23 - Fetch Type Job List success
[INFO]: 2025-05-23 14:34:47 - Fetch Type Job List success
[INFO]: 2025-05-23 14:34:50 - Type Job Store success
[INFO]: 2025-05-23 14:34:53 - Fetch Type Job List success
[ERROR]: 2025-05-23 14:35:07 - In Server: Missing auth token
[INFO]: 2025-05-23 14:35:11 - Update Type Job success
[INFO]: 2025-05-23 14:35:14 - Fetch Type Job List success
[INFO]: 2025-05-23 14:35:23 - Type Job Delete success
[INFO]: 2025-05-23 14:40:02 - Store Job Category success
[INFO]: 2025-05-23 14:40:21 - Store Job Category success
[INFO]: 2025-05-23 14:40:41 - Store Job Category success
[INFO]: 2025-05-23 14:40:57 - Update Job Category success
[ERROR]: 2025-05-23 14:51:43 - In Server: Error 1064: You have an error in your SQL syntax; check the manual that corresponds to your MySQL server version for the right syntax to use near 'INNER JOIN type jobs tj 
	FROM job_categories jc' at line 2
[ERROR]: 2025-05-23 14:52:30 - In Server: Error 1064: You have an error in your SQL syntax; check the manual that corresponds to your MySQL server version for the right syntax to use near 'tj ON tj.id = jc.type' at line 3
[ERROR]: 2025-05-23 14:52:31 - In Server: Error 1064: You have an error in your SQL syntax; check the manual that corresponds to your MySQL server version for the right syntax to use near 'tj ON tj.id = jc.type' at line 3
[ERROR]: 2025-05-23 14:52:48 - In Server: Error 1064: You have an error in your SQL syntax; check the manual that corresponds to your MySQL server version for the right syntax to use near 'tj ON tj.id = jc.type' at line 3
[INFO]: 2025-05-23 14:52:50 - Fetch Job Category success
[ERROR]: 2025-05-23 16:29:42 - In Server: Missing auth token
[ERROR]: 2025-05-23 16:29:46 - In Server: EOF
[INFO]: 2025-05-23 16:45:54 - Get Document Additional success
[INFO]: 2025-05-23 16:45:58 - Get Document Additional success
[ERROR]: 2025-05-23 16:46:49 - In Server: Token is invalid
[INFO]: 2025-05-23 16:46:58 - Get List Info Apply Job success
[INFO]: 2025-05-23 16:47:38 - Fetch Admin Job List success
[ERROR]: 2025-05-23 16:47:53 - In Server: sql: Scan error on column index 5, name "end_month": converting driver.Value type []uint8 ("Desember") to a int: invalid syntax
[INFO]: 2025-05-23 16:50:09 - Fetch Admin Job List success
[ERROR]: 2025-05-23 16:55:42 - In Server: Missing auth token
[INFO]: 2025-05-23 16:55:47 - Store Bannner success
