[ERROR]: 2025-04-17 10:04:28 - In Server: Forum type not found
[INFO]: 2025-04-17 10:04:41 - Forum Detail success
[INFO]: 2025-04-17 10:05:51 - Forum Detail success
[INFO]: 2025-04-17 13:07:52 - Forum List success
[INFO]: 2025-04-17 13:21:07 - Forum Detail success
[INFO]: 2025-04-17 13:38:15 - Forum Detail success
[ERROR]: 2025-04-17 13:39:43 - In Server: Forum type not found
[INFO]: 2025-04-17 13:39:57 - Forum List success
[INFO]: 2025-04-17 13:40:07 - Forum Detail success
[INFO]: 2025-04-17 13:41:21 - Forum Detail success
[INFO]: 2025-04-17 13:42:17 - Forum Detail success
[INFO]: 2025-04-17 13:47:30 - Forum Detail success
[INFO]: 2025-04-17 14:00:19 - Forum List success
[INFO]: 2025-04-17 14:00:42 - Forum List success
[INFO]: 2025-04-17 14:02:33 - Forum List success
[INFO]: 2025-04-17 14:04:30 - Forum List success
[INFO]: 2025-04-17 16:15:37 - Get List Info Apply Job success
[INFO]: 2025-04-17 16:18:04 - Fetch Admin Job List success
[INFO]: 2025-04-17 16:20:29 - Fetch Admin Job List success
[INFO]: 2025-04-17 16:22:35 - Fetch Admin Job List success
[INFO]: 2025-04-17 16:25:48 - Fetch Admin Job List success
[INFO]: 2025-04-17 16:26:19 - Fetch Admin Job List success
[INFO]: 2025-04-17 16:26:32 - Fetch Admin Job List success
[INFO]: 2025-04-17 16:26:51 - Fetch Admin Job List success
[INFO]: 2025-04-17 16:28:13 - Fetch Admin Job List success
[INFO]: 2025-04-17 16:28:50 - Fetch Admin Job List success
[INFO]: 2025-04-17 16:30:13 - Fetch Admin Job List success
[INFO]: 2025-04-17 16:31:32 - Fetch Admin Job List success
[INFO]: 2025-04-17 16:34:25 - Fetch Admin Job List success
[INFO]: 2025-04-17 16:36:27 - Fetch Admin Job List success
[INFO]: 2025-04-17 16:38:45 - Fetch Admin Job List success
[INFO]: 2025-04-17 16:39:38 - Fetch Admin Job List success
