[ERROR]: 2025-04-10 14:33:57 - In Server: Missing auth token
[INFO]: 2025-04-10 14:34:21 - Login Admin success
[INFO]: 2025-04-10 14:35:13 - Login Admin success
[INFO]: 2025-04-10 14:35:51 - Login Admin success
[INFO]: 2025-04-10 14:36:45 - Login Admin success
[INFO]: 2025-04-10 14:36:46 - Login Admin success
[INFO]: 2025-04-10 14:39:57 - Login Admin success
[INFO]: 2025-04-10 14:41:12 - Login Admin success
[ERROR]: 2025-04-10 14:41:28 - In Server: crypto/bcrypt: hashedPassword is not the hash of the given password
[INFO]: 2025-04-10 14:41:31 - Login Admin success
[INFO]: 2025-04-10 14:42:23 - Login Admin success
[INFO]: 2025-04-10 14:42:24 - Login Admin success
[INFO]: 2025-04-10 14:42:37 - Login Admin success
[INFO]: 2025-04-10 14:42:39 - Login Admin success
[INFO]: 2025-04-10 14:42:51 - Login Admin success
[INFO]: 2025-04-10 14:43:18 - Login Admin success
[INFO]: 2025-04-10 14:44:27 - Login Admin success
[INFO]: 2025-04-10 14:44:59 - Login Admin success
[INFO]: 2025-04-10 14:45:00 - Login Admin success
[INFO]: 2025-04-10 14:46:15 - Login Admin success
[INFO]: 2025-04-10 14:46:47 - Login Admin success
[INFO]: 2025-04-10 14:47:04 - Login Admin success
[INFO]: 2025-04-10 14:51:58 - Login Admin success
[INFO]: 2025-04-10 14:53:22 - Login Admin success
[INFO]: 2025-04-10 14:53:38 - Login Admin success
[INFO]: 2025-04-10 14:53:56 - Login Admin success
[INFO]: 2025-04-10 14:55:34 - Login Admin success
[INFO]: 2025-04-10 14:58:14 - Login Admin success
[INFO]: 2025-04-10 14:58:32 - Login Admin success
[INFO]: 2025-04-10 14:58:33 - Login Admin success
[INFO]: 2025-04-10 14:58:42 - Login Admin success
[INFO]: 2025-04-10 15:01:19 - Login Admin success
[INFO]: 2025-04-10 15:02:26 - Login Admin success
[ERROR]: 2025-04-10 15:04:09 - In Server: Too many requests. Please try again later
[ERROR]: 2025-04-10 15:04:10 - In Server: crypto/bcrypt: hashedPassword is not the hash of the given password
[ERROR]: 2025-04-10 15:04:45 - In Server: crypto/bcrypt: hashedPassword is not the hash of the given password
[ERROR]: 2025-04-10 15:04:53 - In Server: crypto/bcrypt: hashedPassword is not the hash of the given password
[ERROR]: 2025-04-10 15:04:55 - In Server: crypto/bcrypt: hashedPassword is not the hash of the given password
[INFO]: 2025-04-10 15:05:02 - Login Admin success
[ERROR]: 2025-04-10 15:15:36 - In Server: Missing auth token
[INFO]: 2025-04-10 15:15:41 - Store Bannner success
[ERROR]: 2025-04-10 15:16:32 - In Server: Error 1064: You have an error in your SQL syntax; check the manual that corresponds to your MySQL server version for the right syntax to use near '= ?, link = ?
		WHERE id = ?' at line 1
[INFO]: 2025-04-10 15:16:49 - Store Bannner success
[ERROR]: 2025-04-10 15:17:26 - In Server: Missing auth token
[ERROR]: 2025-04-10 15:17:29 - In Server: EOF
[ERROR]: 2025-04-10 15:17:36 - In Server: id is required
[INFO]: 2025-04-10 15:17:43 - Store Bannner success
[INFO]: 2025-04-10 15:51:59 - Login Admin success
