[INFO]: 2025-03-24 11:08:57 - Fetch Admin Job List success
[INFO]: 2025-03-24 11:09:37 - Fetch Admin Job List success
[INFO]: 2025-03-24 11:57:10 - Fetch Admin Job List success
[INFO]: 2025-03-24 12:00:11 - Get List Info Apply Job success
[INFO]: 2025-03-24 12:01:54 - Get List Info Apply Job success
[INFO]: 2025-03-24 12:05:05 - Get List Info Apply Job success
[INFO]: 2025-03-24 12:06:13 - Get List Info Apply Job success
[ERROR]: 2025-03-24 17:44:43 - In Server: sql: Scan error on column index 2, name "user_id": converting driver.Value type []uint8 ("269517b0-5b7b-4521-acdc-de3c9ba9aca0") to a int: invalid syntax
[ERROR]: 2025-03-24 17:45:11 - In Server: status [INTERVIEW] already used
[ERROR]: 2025-03-24 17:45:19 - In Server: status [INTERVIEW] already used
[ERROR]: 2025-03-24 17:45:20 - In Server: status [INTERVIEW] already used
[ERROR]: 2025-03-24 17:45:21 - In Server: status [INTERVIEW] already used
[ERROR]: 2025-03-24 17:46:35 - In Server: status [?] already used
[INFO]: 2025-03-24 17:46:39 - Update Apply Job success
[ERROR]: 2025-03-24 17:46:41 - In Server: status [?] already used
[ERROR]: 2025-03-24 22:31:57 - In Server: sql: no rows in result set
[ERROR]: 2025-03-24 22:32:49 - In Server: sql: no rows in result set
[ERROR]: 2025-03-24 22:35:19 - In Server: sql: Scan error on column index 4, name "user_confirm_id": converting NULL to string is unsupported
[ERROR]: 2025-03-24 22:40:00 - In Server: sql: Scan error on column index 4, name "user_confirm_id": converting NULL to string is unsupported
[ERROR]: 2025-03-24 22:40:08 - In Server: sql: Scan error on column index 4, name "user_confirm_id": converting NULL to string is unsupported
[ERROR]: 2025-03-24 22:40:45 - In Server: sql: Scan error on column index 4, name "user_confirm_id": converting NULL to string is unsupported
[ERROR]: 2025-03-24 22:41:02 - In Server: sql: Scan error on column index 4, name "user_confirm_id": converting NULL to string is unsupported
[ERROR]: 2025-03-24 22:43:11 - In Server: sql: Scan error on column index 4, name "user_confirm_id": converting NULL to string is unsupported
[ERROR]: 2025-03-24 22:43:12 - In Server: sql: Scan error on column index 4, name "user_confirm_id": converting NULL to string is unsupported
[ERROR]: 2025-03-24 22:46:19 - In Server: sql: Scan error on column index 4, name "user_confirm_id": converting NULL to string is unsupported
[INFO]: 2025-03-24 22:46:57 - Update Apply Job success
[INFO]: 2025-03-24 22:47:20 - Update Apply Job success
[ERROR]: 2025-03-24 22:57:01 - In Server: status [ACCEPTED] already used
[ERROR]: 2025-03-24 22:57:08 - In Server: status [ACCEPTED] already used
[ERROR]: 2025-03-24 22:58:44 - In Server: status [ACCEPTED] already used
[INFO]: 2025-03-24 22:58:50 - Update Apply Job success
[ERROR]: 2025-03-24 22:58:52 - In Server: status [ACCEPTED] already used
[ERROR]: 2025-03-24 23:11:19 - In Server: status [ACCEPTED] already used
[ERROR]: 2025-03-24 23:11:24 - In Server: status [IN_PROGRESS] already used
[ERROR]: 2025-03-24 23:11:42 - In Server: status [ACCEPTED] already used
[ERROR]: 2025-03-24 23:11:47 - In Server: status [ACCEPTED] already used
[ERROR]: 2025-03-24 23:12:07 - In Server: status [IN_PROGRESS] already passed
[ERROR]: 2025-03-24 23:12:11 - In Server: sql: no rows in result set
[ERROR]: 2025-03-24 23:12:17 - In Server: sql: no rows in result set
[INFO]: 2025-03-24 23:16:08 - Apply Job success
[ERROR]: 2025-03-24 23:18:33 - In Server: status [IN_PROGRESS] already passed
[INFO]: 2025-03-24 23:18:39 - Update Apply Job success
[INFO]: 2025-03-24 23:18:41 - Update Apply Job success
[INFO]: 2025-03-24 23:18:43 - Update Apply Job success
[INFO]: 2025-03-24 23:19:01 - Apply Job success
[ERROR]: 2025-03-24 23:19:06 - In Server: status [IN_PROGRESS] already passed
[ERROR]: 2025-03-24 23:19:18 - In Server: sql: no rows in result set
[INFO]: 2025-03-24 23:19:34 - Update Apply Job success
[ERROR]: 2025-03-24 23:25:24 - In Server: status [INTERVIEW] already uspasseded
[ERROR]: 2025-03-24 23:25:31 - In Server: status [IN_PROGRESS] already passed
[ERROR]: 2025-03-24 23:25:34 - In Server: status [INTERVIEW] already uspasseded
[ERROR]: 2025-03-24 23:25:36 - In Server: status [INTERVIEW] already uspasseded
[ERROR]: 2025-03-24 23:27:07 - In Server: status [INTERVIEW] already passed
[ERROR]: 2025-03-24 23:27:13 - In Server: status [INTERVIEW] already passed
[ERROR]: 2025-03-24 23:27:28 - In Server: status [INTERVIEW] already passed
[ERROR]: 2025-03-24 23:27:29 - In Server: status [INTERVIEW] already passed
[INFO]: 2025-03-24 23:27:45 - Update Apply Job success
[ERROR]: 2025-03-24 23:27:53 - In Server: status [ACCEPTED] already passed
[ERROR]: 2025-03-24 23:28:06 - In Server: status [ACCEPTED] already passed
[INFO]: 2025-03-24 23:28:37 - Update Apply Job success
[ERROR]: 2025-03-24 23:32:09 - In Server: status [IN_PROGRESS] already passed
[ERROR]: 2025-03-24 23:32:13 - Invalid transition: APPLIED can only move to INTERVIEW
[ERROR]: 2025-03-24 23:33:03 - status IN_PROGRESS can only move to INTERVIEW
[ERROR]: 2025-03-24 23:33:09 - status IN_PROGRESS can only move to INTERVIEW
[INFO]: 2025-03-24 23:33:11 - Update Apply Job success
[ERROR]: 2025-03-24 23:33:13 - Invalid transition: INTERVIEW can only move to ACCEPTED or DECLINED
[ERROR]: 2025-03-24 23:34:19 - status INTERVIEW can only move to ACCEPTED or DECLINED
[INFO]: 2025-03-24 23:34:24 - Update Apply Job success
[ERROR]: 2025-03-24 23:34:26 - status [ACCEPTED] already passed
[ERROR]: 2025-03-24 23:34:29 - status [ACCEPTED] already passed
[ERROR]: 2025-03-24 23:34:31 - status [ACCEPTED] already passed
