[INFO]: 2025-06-30 13:21:18 - Fetch Candidate Departure success
[INFO]: 2025-06-30 13:21:40 - View PDF Departure success
[INFO]: 2025-06-30 13:21:48 - View PDF Departure success
[INFO]: 2025-06-30 13:21:59 - View PDF Departure success
[INFO]: 2025-06-30 13:23:43 - View PDF Departure success
[INFO]: 2025-06-30 13:23:44 - View PDF Departure success
[INFO]: 2025-06-30 13:25:14 - View PDF Departure success
[INFO]: 2025-06-30 13:25:18 - View PDF Departure success
[INFO]: 2025-06-30 13:25:38 - View PDF Departure success
[INFO]: 2025-06-30 13:26:15 - View PDF Departure success
[INFO]: 2025-06-30 13:26:53 - View PDF Departure success
[INFO]: 2025-06-30 13:27:04 - Fetch Candidate Departure success
[INFO]: 2025-06-30 13:29:40 - View PDF Departure success
[ERROR]: 2025-06-30 13:31:29 - In Server (count query): Error 1054: Unknown column 'apply_job_id' in 'where clause'
[INFO]: 2025-06-30 13:31:53 - Fetch Candidate Passes List success
[INFO]: 2025-06-30 13:34:42 - Fetch Candidate Passes List success
[ERROR]: 2025-06-30 13:47:42 - In Server: Error 1064: You have an error in your SQL syntax; check the manual that corresponds to your MySQL server version for the right syntax to use near '// drs.content AS invitation_departure,
		ibs.field1 AS invitation_departure,
		' at line 6
[ERROR]: 2025-06-30 13:47:43 - In Server: Error 1064: You have an error in your SQL syntax; check the manual that corresponds to your MySQL server version for the right syntax to use near '// drs.content AS invitation_departure,
		ibs.field1 AS invitation_departure,
		' at line 6
[ERROR]: 2025-06-30 13:47:44 - In Server: Error 1064: You have an error in your SQL syntax; check the manual that corresponds to your MySQL server version for the right syntax to use near '// drs.content AS invitation_departure,
		ibs.field1 AS invitation_departure,
		' at line 6
[INFO]: 2025-06-30 13:48:15 - Fetch Candidate Passes List success
[INFO]: 2025-06-30 13:48:36 - Fetch Candidate Passes List success
[INFO]: 2025-06-30 13:51:17 - Fetch Candidate Passes List success
[INFO]: 2025-06-30 13:52:49 - Fetch Candidate Passes List success
[ERROR]: 2025-06-30 13:56:18 - In Server (count query): unsupported destination, should be slice or struct
[ERROR]: 2025-06-30 13:56:19 - In Server (count query): unsupported destination, should be slice or struct
[INFO]: 2025-06-30 13:57:21 - Fetch Candidate Passes List success
[INFO]: 2025-06-30 13:58:46 - Fetch Candidate Passes List success
[ERROR]: 2025-06-30 13:59:12 - In Server (main query): Error 1064: You have an error in your SQL syntax; check the manual that corresponds to your MySQL server version for the right syntax to use near 'ORDER BY aj.created_at DESC' at line 39
[INFO]: 2025-06-30 13:59:15 - Fetch Candidate Passes List success
[INFO]: 2025-06-30 14:02:36 - Fetch Candidate Passes List success
[INFO]: 2025-06-30 14:02:41 - Fetch Candidate Passes List success
[INFO]: 2025-06-30 14:25:16 - Fetch Candidate Passes List success
[ERROR]: 2025-06-30 14:43:42 - In Server: Error 1054: Unknown column 'u.email' in 'field list'
[INFO]: 2025-06-30 14:43:43 - Send Email Success
[ERROR]: 2025-06-30 14:43:43 - In Server: Error 1054: Unknown column 'u.email' in 'field list'
[ERROR]: 2025-06-30 14:43:44 - In Server: Error 1452: Cannot add or update a child row: a foreign key constraint fails (`tjl`.`inboxes`, CONSTRAINT `inboxes_ibfk_1` FOREIGN KEY (`user_id`) REFERENCES `users` (`uid`) ON DELETE CASCADE ON UPDATE CASCADE)
[INFO]: 2025-06-30 14:43:44 - Update Apply Job success
[ERROR]: 2025-06-30 14:45:05 - In Server: Error 1054: Unknown column 'u.email' in 'field list'
[ERROR]: 2025-06-30 14:45:05 - invalid status transition: from 7 to 7
[ERROR]: 2025-06-30 14:46:21 - In Server: Error 1054: Unknown column 'u.email' in 'field list'
[INFO]: 2025-06-30 14:46:22 - Send Email Success
[ERROR]: 2025-06-30 14:46:22 - In Server: Error 1054: Unknown column 'u.email' in 'field list'
[ERROR]: 2025-06-30 14:46:22 - In Server: Error 1452: Cannot add or update a child row: a foreign key constraint fails (`tjl`.`inboxes`, CONSTRAINT `inboxes_ibfk_1` FOREIGN KEY (`user_id`) REFERENCES `users` (`uid`) ON DELETE CASCADE ON UPDATE CASCADE)
[INFO]: 2025-06-30 14:46:22 - Update Apply Job success
[ERROR]: 2025-06-30 14:48:42 - In Server: Error 1054: Unknown column 'u.email' in 'field list'
[INFO]: 2025-06-30 14:48:43 - Send Email Success
[ERROR]: 2025-06-30 14:48:43 - In Server: Error 1054: Unknown column 'u.email' in 'field list'
[INFO]: 2025-06-30 14:48:44 - Update Apply Job success
[ERROR]: 2025-06-30 14:50:27 - In Server: Error 1054: Unknown column 'u.email' in 'field list'
[INFO]: 2025-06-30 14:50:29 - Send Email Success
[ERROR]: 2025-06-30 14:50:29 - In Server: Error 1054: Unknown column 'u.email' in 'field list'
[INFO]: 2025-06-30 14:50:29 - Update Apply Job success
[ERROR]: 2025-06-30 14:54:18 - In Server: Error 1054: Unknown column 'u.email' in 'field list'
[INFO]: 2025-06-30 14:54:19 - Send Email Success
[ERROR]: 2025-06-30 14:54:19 - In Server: Error 1054: Unknown column 'u.email' in 'field list'
[INFO]: 2025-06-30 14:54:19 - Update Apply Job success
[INFO]: 2025-06-30 14:56:15 - Send Email Success
[INFO]: 2025-06-30 14:56:15 - Update Apply Job success
[INFO]: 2025-06-30 15:10:16 - Send Email Success
[INFO]: 2025-06-30 15:10:17 - Update Apply Job success
[INFO]: 2025-06-30 15:11:01 - Update Apply Job success
[INFO]: 2025-06-30 15:11:09 - Update Apply Job success
[INFO]: 2025-06-30 15:11:12 - Update Apply Job success
[INFO]: 2025-06-30 15:11:18 - Update Apply Job success
[INFO]: 2025-06-30 15:14:48 - Update Apply Job success
