[INFO]: 2025-04-15 09:36:10 - Fetch Admin Job List success
[INFO]: 2025-04-15 09:39:47 - Fetch Admin Job List success
[INFO]: 2025-04-15 09:53:21 - Fetch Admin Job List success
[INFO]: 2025-04-15 09:55:16 - Fetch Admin Job List success
[INFO]: 2025-04-15 10:00:32 - Fetch Admin Job List success
[INFO]: 2025-04-15 10:05:15 - Fetch Admin Job List success
[INFO]: 2025-04-15 10:06:37 - Fetch Admin Job List success
[ERROR]: 2025-04-15 10:10:22 - In Server: Error 1054: Unknown column 'aj.fullname' in 'field list'
[ERROR]: 2025-04-15 10:10:22 - In Server: Error 1054: Unknown column 'aj.fullname' in 'field list'
[ERROR]: 2025-04-15 10:10:23 - In Server: Error 1054: Unknown column 'aj.fullname' in 'field list'
[ERROR]: 2025-04-15 10:10:24 - In Server: Error 1054: Unknown column 'aj.fullname' in 'field list'
[ERROR]: 2025-04-15 10:10:25 - In Server: Error 1054: Unknown column 'aj.fullname' in 'field list'
[ERROR]: 2025-04-15 10:10:25 - In Server: Error 1054: Unknown column 'aj.fullname' in 'field list'
[INFO]: 2025-04-15 10:10:52 - Fetch Admin Job List success
[ERROR]: 2025-04-15 10:20:43 - In Server: Error 1054: Unknown column 'name' in 'field list'
[ERROR]: 2025-04-15 10:20:44 - In Server: Error 1054: Unknown column 'name' in 'field list'
[ERROR]: 2025-04-15 10:20:45 - In Server: Error 1054: Unknown column 'name' in 'field list'
[ERROR]: 2025-04-15 10:20:46 - In Server: Error 1054: Unknown column 'name' in 'field list'
[ERROR]: 2025-04-15 10:20:47 - In Server: Error 1054: Unknown column 'name' in 'field list'
[ERROR]: 2025-04-15 10:20:49 - In Server: Error 1054: Unknown column 'name' in 'field list'
[ERROR]: 2025-04-15 10:21:12 - In Server: Error 1064: You have an error in your SQL syntax; check the manual that corresponds to your MySQL server version for the right syntax to use near 'WHERE user_id = ?' at line 1
[INFO]: 2025-04-15 10:21:16 - Fetch Admin Job List success
[INFO]: 2025-04-15 10:27:04 - Fetch Admin Job List success
[INFO]: 2025-04-15 10:28:44 - Fetch Admin Job List success
[INFO]: 2025-04-15 10:31:56 - Fetch Admin Job List success
[INFO]: 2025-04-15 10:32:53 - Fetch Admin Job List success
[INFO]: 2025-04-15 10:33:22 - Fetch Admin Job List success
[INFO]: 2025-04-15 10:34:53 - Fetch Admin Job List success
[INFO]: 2025-04-15 10:34:57 - Fetch Admin Job List success
[INFO]: 2025-04-15 10:42:11 - Fetch Admin Job List success
[INFO]: 2025-04-15 10:45:18 - Fetch Admin Job List success
[INFO]: 2025-04-15 10:47:58 - Fetch Admin Job List success
[INFO]: 2025-04-15 10:48:55 - Fetch Admin Job List success
[INFO]: 2025-04-15 10:49:40 - Fetch Admin Job List success
[INFO]: 2025-04-15 10:51:17 - Fetch Admin Job List success
[INFO]: 2025-04-15 10:56:30 - Fetch Admin Job List success
[INFO]: 2025-04-15 10:56:58 - Fetch Admin Job List success
[INFO]: 2025-04-15 11:02:07 - Fetch Admin Job List success
[ERROR]: 2025-04-15 11:09:27 - In Server: Error 1054: Unknown column 'position' in 'field list'
[ERROR]: 2025-04-15 11:09:30 - In Server: Error 1054: Unknown column 'position' in 'field list'
[INFO]: 2025-04-15 11:09:48 - Fetch Admin Job List success
[INFO]: 2025-04-15 11:10:19 - Fetch Admin Job List success
[INFO]: 2025-04-15 11:34:16 - Fetch Admin Job List success
[INFO]: 2025-04-15 11:35:00 - Fetch Admin Job List success
[INFO]: 2025-04-15 11:35:19 - Fetch Admin Job List success
[INFO]: 2025-04-15 11:36:10 - Fetch Admin Job List success
[INFO]: 2025-04-15 11:37:39 - Fetch Admin Job List success
[INFO]: 2025-04-15 11:39:59 - Fetch Admin Job List success
[ERROR]: 2025-04-15 12:36:53 - In Server: Missing auth token
[INFO]: 2025-04-15 12:36:57 - Fetch Company List success
[INFO]: 2025-04-15 12:38:38 - Fetch Company List success
[INFO]: 2025-04-15 12:39:23 - Fetch Company List success
[ERROR]: 2025-04-15 12:48:13 - In Server: Missing auth token
[ERROR]: 2025-04-15 12:48:18 - In Server: Error 1265: Data truncated for column 'id' at row 1
[INFO]: 2025-04-15 12:48:33 - Company Store success
[INFO]: 2025-04-15 12:48:45 - Fetch Company List success
[INFO]: 2025-04-15 12:49:42 - Fetch Job Category success
[INFO]: 2025-04-15 12:55:52 - Fetch Job Category success
[INFO]: 2025-04-15 12:57:21 - Fetch Job Category success
[INFO]: 2025-04-15 12:57:22 - Fetch Job Category success
[INFO]: 2025-04-15 12:57:36 - Fetch Job Category success
[INFO]: 2025-04-15 12:57:57 - Fetch Job Category success
[INFO]: 2025-04-15 12:57:58 - Fetch Job Category success
[INFO]: 2025-04-15 12:58:10 - Fetch Job Category success
[INFO]: 2025-04-15 12:58:23 - Fetch Job Category success
[INFO]: 2025-04-15 13:01:41 - Store Job Category success
[INFO]: 2025-04-15 13:02:44 - Store Job Category success
[INFO]: 2025-04-15 13:03:32 - Store Job Category success
[INFO]: 2025-04-15 13:03:53 - Update Job Category success
