[ERROR]: 2025-04-11 11:19:30 - In Server: Error 1064: You have an error in your SQL syntax; check the manual that corresponds to your MySQL server version for the right syntax to use near '' at line 6
[ERROR]: 2025-04-11 11:19:32 - In Server: Error 1064: You have an error in your SQL syntax; check the manual that corresponds to your MySQL server version for the right syntax to use near '' at line 6
[INFO]: 2025-04-11 11:21:00 - Forum List success
[INFO]: 2025-04-11 11:21:31 - Forum List success
[INFO]: 2025-04-11 11:22:05 - Forum List success
[INFO]: 2025-04-11 11:23:55 - Forum List success
[INFO]: 2025-04-11 11:23:56 - Forum List success
[INFO]: 2025-04-11 11:24:26 - Forum List success
[INFO]: 2025-04-11 11:25:07 - Forum List success
[INFO]: 2025-04-11 11:25:41 - Forum List success
[INFO]: 2025-04-11 11:26:26 - Forum List success
[INFO]: 2025-04-11 11:26:47 - Forum List success
[INFO]: 2025-04-11 11:27:06 - Forum List success
[INFO]: 2025-04-11 11:27:45 - Forum List success
[INFO]: 2025-04-11 11:29:44 - Forum List success
[INFO]: 2025-04-11 11:30:20 - Forum List success
[INFO]: 2025-04-11 11:32:34 - Forum List success
[INFO]: 2025-04-11 11:33:20 - Forum List success
[INFO]: 2025-04-11 13:23:12 - Forum List success
[INFO]: 2025-04-11 13:23:31 - Forum List success
[INFO]: 2025-04-11 13:23:50 - Forum List success
[INFO]: 2025-04-11 13:24:36 - Forum List success
[INFO]: 2025-04-11 13:25:34 - Forum List success
[INFO]: 2025-04-11 13:25:35 - Forum List success
[INFO]: 2025-04-11 13:27:39 - Forum List success
[INFO]: 2025-04-11 13:28:34 - Forum List success
[INFO]: 2025-04-11 13:28:35 - Forum List success
[INFO]: 2025-04-11 13:28:49 - Forum List success
[INFO]: 2025-04-11 13:28:52 - Forum List success
[INFO]: 2025-04-11 13:28:53 - Forum List success
[INFO]: 2025-04-11 13:29:07 - Forum List success
[INFO]: 2025-04-11 13:29:07 - Forum List success
[INFO]: 2025-04-11 13:29:08 - Forum List success
[INFO]: 2025-04-11 13:29:09 - Forum List success
[INFO]: 2025-04-11 13:29:26 - Forum List success
[INFO]: 2025-04-11 13:29:27 - Forum List success
[INFO]: 2025-04-11 13:29:27 - Forum List success
[INFO]: 2025-04-11 13:29:33 - Forum List success
[INFO]: 2025-04-11 13:29:34 - Forum List success
[INFO]: 2025-04-11 13:30:33 - News List success
[INFO]: 2025-04-11 13:54:54 - News List success
[ERROR]: 2025-04-11 13:55:23 - In Server: Missing auth token
[INFO]: 2025-04-11 13:55:59 - News List success
[ERROR]: 2025-04-11 13:57:40 - In Server: Error 1064: You have an error in your SQL syntax; check the manual that corresponds to your MySQL server version for the right syntax to use near '?' at line 7
[INFO]: 2025-04-11 13:58:10 - News List success
[INFO]: 2025-04-11 13:58:11 - News List success
[INFO]: 2025-04-11 13:58:57 - News List success
[INFO]: 2025-04-11 13:59:57 - News List success
[INFO]: 2025-04-11 14:00:28 - News List success
[INFO]: 2025-04-11 14:00:29 - News List success
[INFO]: 2025-04-11 14:00:32 - News List success
[INFO]: 2025-04-11 14:00:38 - News List success
[INFO]: 2025-04-11 14:01:02 - News List success
[INFO]: 2025-04-11 14:01:35 - News List success
